ERROR: system: NEI is already defined in that package
INFO: Adding command minetweaker
INFO: Adding minetweaker command mfr
INFO: Adding Raw Lamb Chop to ore dictionary entry foodMuttonraw
INFO: Adding Raw Lamb Chop to ore dictionary entry listAllmeatraw
INFO: Adding Raw Lamb Chop to ore dictionary entry listAllmuttonraw
INFO: Adding Tomato to ore dictionary entry cropTomato
INFO: Adding Cheese to ore dictionary entry foodCheese
INFO: Adding Cheese Curd to ore dictionary entry foodCheese
INFO: Removing 1 recipes
INFO: Removing 1 recipes
INFO: Removing 1 recipes
INFO: Removing 1 recipes
INFO: Removing 1 recipes
INFO: Removing 1 recipes
INFO: Removing 1 recipes
INFO: Removing 1 recipes
INFO: Removing 1 recipes
INFO: Removing 1 recipes
INFO: Removing 1 recipes
INFO: Removing 1 recipes
INFO: Removing 2 recipes
INFO: Removing 1 recipes
INFO: Removing 1 recipes
INFO: Removing 1 recipes
INFO: Removing 4 recipes
INFO: Adding recipe for Lettuce Leaves
INFO: Adding recipe for Gas Pipe
INFO: Adding recipe for Cheese Slice
INFO: Adding recipe for Cheese Slice
INFO: Adding recipe for Musket Cartridge
INFO: Adding furnace recipe for <harvestcraft:flourItem>
INFO: Inspiration Master Script successfully loaded, Sir!
INFO: Adding minetweaker command tooltips
